{
  "uid" : "aa7077ac08aa5ec9",
  "name" : "Login User And Pass",
  "fullName" : "test.TestClass01.testExample01",
  "historyId" : "105f03f7e3db8a7a55e8916cf8dc5784",
  "time" : {
    "start" : 1704575532044,
    "stop" : 1704575534340,
    "duration" : 2296
  },
  "description" : "Esta prueba intenta iniciar sesión en el sitio web utilizando un nombre de usuario y una contraseña. Falla si ocurre algún error.",
  "descriptionHtml" : "<p>Esta prueba intenta iniciar sesión en el sitio web utilizando un nombre de usuario y una contraseña. Falla si ocurre algún error.</p>\n",
  "status" : "failed",
  "statusMessage" : "Elemento no presente ",
  "statusTrace" : "java.lang.AssertionError: Elemento no presente \n\tat org.testng.Assert.fail(Assert.java:111)\n\tat pages.HomePage.usuarioInfoText(HomePage.java:89)\n\tat test.TestClass01.testExample01(TestClass01.java:26)\n\tat java.base/jdk.internal.reflect.NativeMethodAccessorImpl.invoke0(Native Method)\n\tat java.base/jdk.internal.reflect.NativeMethodAccessorImpl.invoke(NativeMethodAccessorImpl.java:62)\n\tat java.base/jdk.internal.reflect.DelegatingMethodAccessorImpl.invoke(DelegatingMethodAccessorImpl.java:43)\n\tat java.base/java.lang.reflect.Method.invoke(Method.java:566)\n\tat org.testng.internal.invokers.MethodInvocationHelper.invokeMethod(MethodInvocationHelper.java:139)\n\tat org.testng.internal.invokers.TestInvoker.invokeMethod(TestInvoker.java:664)\n\tat org.testng.internal.invokers.TestInvoker.invokeTestMethod(TestInvoker.java:227)\n\tat org.testng.internal.invokers.MethodRunner.runInSequence(MethodRunner.java:50)\n\tat org.testng.internal.invokers.TestInvoker$MethodInvocationAgent.invoke(TestInvoker.java:957)\n\tat org.testng.internal.invokers.TestInvoker.invokeTestMethods(TestInvoker.java:200)\n\tat org.testng.internal.invokers.TestMethodWorker.invokeTestMethods(TestMethodWorker.java:148)\n\tat org.testng.internal.invokers.TestMethodWorker.run(TestMethodWorker.java:128)\n\tat java.base/java.util.ArrayList.forEach(ArrayList.java:1541)\n\tat org.testng.TestRunner.privateRun(TestRunner.java:848)\n\tat org.testng.TestRunner.run(TestRunner.java:621)\n\tat org.testng.SuiteRunner.runTest(SuiteRunner.java:443)\n\tat org.testng.SuiteRunner.runSequentially(SuiteRunner.java:437)\n\tat org.testng.SuiteRunner.privateRun(SuiteRunner.java:397)\n\tat org.testng.SuiteRunner.run(SuiteRunner.java:336)\n\tat org.testng.SuiteRunnerWorker.runSuite(SuiteRunnerWorker.java:52)\n\tat org.testng.SuiteRunnerWorker.run(SuiteRunnerWorker.java:95)\n\tat org.testng.TestNG.runSuitesSequentially(TestNG.java:1280)\n\tat org.testng.TestNG.runSuitesLocally(TestNG.java:1200)\n\tat org.testng.TestNG.runSuites(TestNG.java:1114)\n\tat org.testng.TestNG.run(TestNG.java:1082)\n\tat org.apache.maven.surefire.testng.TestNGExecutor.run(TestNGExecutor.java:308)\n\tat org.apache.maven.surefire.testng.TestNGXmlTestSuite.execute(TestNGXmlTestSuite.java:71)\n\tat org.apache.maven.surefire.testng.TestNGProvider.invoke(TestNGProvider.java:113)\n\tat org.apache.maven.surefire.booter.ForkedBooter.runSuitesInProcess(ForkedBooter.java:385)\n\tat org.apache.maven.surefire.booter.ForkedBooter.execute(ForkedBooter.java:162)\n\tat org.apache.maven.surefire.booter.ForkedBooter.run(ForkedBooter.java:507)\n\tat org.apache.maven.surefire.booter.ForkedBooter.main(ForkedBooter.java:495)\n",
  "flaky" : false,
  "newFailed" : false,
  "newBroken" : false,
  "newPassed" : false,
  "retriesCount" : 0,
  "retriesStatusChange" : false,
  "beforeStages" : [ {
    "name" : "beforeSuite",
    "time" : {
      "start" : 1704575524762,
      "stop" : 1704575524769,
      "duration" : 7
    },
    "description" : "",
    "status" : "passed",
    "steps" : [ ],
    "attachments" : [ ],
    "parameters" : [ ],
    "stepsCount" : 0,
    "attachmentsCount" : 0,
    "shouldDisplayMessage" : false,
    "hasContent" : false
  }, {
    "name" : "setUp",
    "time" : {
      "start" : 1704575531654,
      "stop" : 1704575532040,
      "duration" : 386
    },
    "description" : "",
    "status" : "passed",
    "steps" : [ ],
    "attachments" : [ ],
    "parameters" : [ ],
    "stepsCount" : 0,
    "attachmentsCount" : 0,
    "shouldDisplayMessage" : false,
    "hasContent" : false
  } ],
  "testStage" : {
    "description" : "Esta prueba intenta iniciar sesión en el sitio web utilizando un nombre de usuario y una contraseña. Falla si ocurre algún error.",
    "status" : "failed",
    "statusMessage" : "Elemento no presente ",
    "statusTrace" : "java.lang.AssertionError: Elemento no presente \n\tat org.testng.Assert.fail(Assert.java:111)\n\tat pages.HomePage.usuarioInfoText(HomePage.java:89)\n\tat test.TestClass01.testExample01(TestClass01.java:26)\n\tat java.base/jdk.internal.reflect.NativeMethodAccessorImpl.invoke0(Native Method)\n\tat java.base/jdk.internal.reflect.NativeMethodAccessorImpl.invoke(NativeMethodAccessorImpl.java:62)\n\tat java.base/jdk.internal.reflect.DelegatingMethodAccessorImpl.invoke(DelegatingMethodAccessorImpl.java:43)\n\tat java.base/java.lang.reflect.Method.invoke(Method.java:566)\n\tat org.testng.internal.invokers.MethodInvocationHelper.invokeMethod(MethodInvocationHelper.java:139)\n\tat org.testng.internal.invokers.TestInvoker.invokeMethod(TestInvoker.java:664)\n\tat org.testng.internal.invokers.TestInvoker.invokeTestMethod(TestInvoker.java:227)\n\tat org.testng.internal.invokers.MethodRunner.runInSequence(MethodRunner.java:50)\n\tat org.testng.internal.invokers.TestInvoker$MethodInvocationAgent.invoke(TestInvoker.java:957)\n\tat org.testng.internal.invokers.TestInvoker.invokeTestMethods(TestInvoker.java:200)\n\tat org.testng.internal.invokers.TestMethodWorker.invokeTestMethods(TestMethodWorker.java:148)\n\tat org.testng.internal.invokers.TestMethodWorker.run(TestMethodWorker.java:128)\n\tat java.base/java.util.ArrayList.forEach(ArrayList.java:1541)\n\tat org.testng.TestRunner.privateRun(TestRunner.java:848)\n\tat org.testng.TestRunner.run(TestRunner.java:621)\n\tat org.testng.SuiteRunner.runTest(SuiteRunner.java:443)\n\tat org.testng.SuiteRunner.runSequentially(SuiteRunner.java:437)\n\tat org.testng.SuiteRunner.privateRun(SuiteRunner.java:397)\n\tat org.testng.SuiteRunner.run(SuiteRunner.java:336)\n\tat org.testng.SuiteRunnerWorker.runSuite(SuiteRunnerWorker.java:52)\n\tat org.testng.SuiteRunnerWorker.run(SuiteRunnerWorker.java:95)\n\tat org.testng.TestNG.runSuitesSequentially(TestNG.java:1280)\n\tat org.testng.TestNG.runSuitesLocally(TestNG.java:1200)\n\tat org.testng.TestNG.runSuites(TestNG.java:1114)\n\tat org.testng.TestNG.run(TestNG.java:1082)\n\tat org.apache.maven.surefire.testng.TestNGExecutor.run(TestNGExecutor.java:308)\n\tat org.apache.maven.surefire.testng.TestNGXmlTestSuite.execute(TestNGXmlTestSuite.java:71)\n\tat org.apache.maven.surefire.testng.TestNGProvider.invoke(TestNGProvider.java:113)\n\tat org.apache.maven.surefire.booter.ForkedBooter.runSuitesInProcess(ForkedBooter.java:385)\n\tat org.apache.maven.surefire.booter.ForkedBooter.execute(ForkedBooter.java:162)\n\tat org.apache.maven.surefire.booter.ForkedBooter.run(ForkedBooter.java:507)\n\tat org.apache.maven.surefire.booter.ForkedBooter.main(ForkedBooter.java:495)\n",
    "steps" : [ {
      "name" : "Este es el: usuario parametro, y este es la contraseña: contrasena",
      "time" : {
        "start" : 1704575532045,
        "stop" : 1704575532147,
        "duration" : 102
      },
      "status" : "passed",
      "steps" : [ ],
      "attachments" : [ ],
      "parameters" : [ {
        "name" : "username",
        "value" : "usuario"
      }, {
        "name" : "password",
        "value" : "contrasena"
      } ],
      "stepsCount" : 0,
      "attachmentsCount" : 0,
      "shouldDisplayMessage" : false,
      "hasContent" : true
    }, {
      "name" : "Aceptar Alerta de Login",
      "time" : {
        "start" : 1704575532193,
        "stop" : 1704575534203,
        "duration" : 2010
      },
      "status" : "passed",
      "steps" : [ ],
      "attachments" : [ ],
      "parameters" : [ ],
      "stepsCount" : 0,
      "attachmentsCount" : 0,
      "shouldDisplayMessage" : false,
      "hasContent" : false
    } ],
    "attachments" : [ {
      "uid" : "b293be25b6772d06",
      "name" : "Elemento no presente",
      "source" : "b293be25b6772d06.png",
      "type" : "image/png",
      "size" : 83991
    } ],
    "parameters" : [ ],
    "stepsCount" : 2,
    "attachmentsCount" : 1,
    "shouldDisplayMessage" : true,
    "hasContent" : true
  },
  "afterStages" : [ {
    "name" : "tearDown",
    "time" : {
      "start" : 1704575534347,
      "stop" : 1704575534416,
      "duration" : 69
    },
    "description" : "",
    "status" : "passed",
    "steps" : [ ],
    "attachments" : [ ],
    "parameters" : [ ],
    "stepsCount" : 0,
    "attachmentsCount" : 0,
    "shouldDisplayMessage" : false,
    "hasContent" : false
  }, {
    "name" : "afterSuite",
    "time" : {
      "start" : 1704575535039,
      "stop" : 1704575535043,
      "duration" : 4
    },
    "description" : "",
    "status" : "passed",
    "steps" : [ ],
    "attachments" : [ ],
    "parameters" : [ ],
    "stepsCount" : 0,
    "attachmentsCount" : 0,
    "shouldDisplayMessage" : false,
    "hasContent" : false
  } ],
  "labels" : [ {
    "name" : "package",
    "value" : "test.TestClass01"
  }, {
    "name" : "testClass",
    "value" : "test.TestClass01"
  }, {
    "name" : "testMethod",
    "value" : "testExample01"
  }, {
    "name" : "parentSuite",
    "value" : "MiSuiteDePruebas"
  }, {
    "name" : "suite",
    "value" : "Test Suite (Demo-Shop-t-shirt)"
  }, {
    "name" : "subSuite",
    "value" : "test.TestClass01"
  }, {
    "name" : "host",
    "value" : "fv-az692-848"
  }, {
    "name" : "thread",
    "value" : "2926@fv-az692-848.main(1)"
  }, {
    "name" : "framework",
    "value" : "testng"
  }, {
    "name" : "language",
    "value" : "java"
  }, {
    "name" : "owner",
    "value" : "@DonTester"
  }, {
    "name" : "story",
    "value" : "DTS-000"
  }, {
    "name" : "severity",
    "value" : "critical"
  }, {
    "name" : "resultFormat",
    "value" : "allure2"
  } ],
  "parameters" : [ {
    "name" : "arg0",
    "value" : "usuario"
  }, {
    "name" : "arg1",
    "value" : "contrasena"
  } ],
  "links" : [ {
    "name" : "DTI-001",
    "url" : "https://atlassian.jira.com/issue/DTI-001",
    "type" : "issue"
  }, {
    "name" : "Website",
    "url" : "https://rcampos09.github.io/demo-Shop-t-shirt/",
    "type" : "custom"
  } ],
  "hidden" : false,
  "retry" : false,
  "extra" : {
    "severity" : "critical",
    "owner" : "@DonTester",
    "retries" : [ ],
    "categories" : [ {
      "name" : "Assertion Errors",
      "traceRegex" : ".*AssertionError.*",
      "matchedStatuses" : [ "broken", "failed" ],
      "flaky" : false
    }, {
      "name" : "Failed tests",
      "matchedStatuses" : [ "failed" ],
      "flaky" : false
    } ],
    "history" : {
      "statistic" : {
        "failed" : 4,
        "broken" : 0,
        "skipped" : 0,
        "passed" : 0,
        "unknown" : 0,
        "total" : 4
      },
      "items" : [ {
        "uid" : "95b419ca6980e24c",
        "reportUrl" : "http://example.org/build#7/AllureReport/#testresult/95b419ca6980e24c",
        "status" : "failed",
        "statusDetails" : "Elemento no presente ",
        "time" : {
          "start" : 1704511078121,
          "stop" : 1704511080410,
          "duration" : 2289
        }
      }, {
        "uid" : "1032fbc46d86713",
        "reportUrl" : "http://example.org/build#7/AllureReport/#testresult/1032fbc46d86713",
        "status" : "failed",
        "statusDetails" : "Elemento no presente ",
        "time" : {
          "start" : 1704510382446,
          "stop" : 1704510384699,
          "duration" : 2253
        }
      }, {
        "uid" : "2ab4c6d9693b77d5",
        "reportUrl" : "http://example.org/build#7/AllureReport/#testresult/2ab4c6d9693b77d5",
        "status" : "failed",
        "statusDetails" : "Elemento no presente ",
        "time" : {
          "start" : 1704507940457,
          "stop" : 1704507942749,
          "duration" : 2292
        }
      } ]
    },
    "tags" : [ ]
  },
  "source" : "aa7077ac08aa5ec9.json",
  "parameterValues" : [ "usuario", "contrasena" ]
}